00000000                                     1  *************************************************************************************************
00000000                                     2  *
00000000                                     3  *Questo driver serve per la programmazione del sistema S1, che effettua il trasferimento con un semplice ciclo.
00000000                                     4  *
00000000                                     5  *************************************************************************************************
00000000                                     6  *	   PIA1		    PIA2
00000000                                     7  *	______	 _______
00000000                                     8  *	   	|           |   
00000000                                     9  *	   	|           |   
00000000                                    10  *	______|           |_______
00000000                                    11  *	   CB1	|<---------|   CA2
00000000                                    12  *	   CB2	|--------->|   CA1
00000000                                    13  *	______| ====>|_______
00000000                                    14  *
00000000                                    15  ************************************************************************************************
00000000                                    16  
00000000                                    17  
00000000                                    18  **********AREA DATI**************************************
00008000                                    19  	ORG	$8000
00008000  02                                20  MSG	DC.B	2
00008001  3F 40 41 43 45 47 49 4B 4D ...    21  MSG2 DC.B   '?@ACEGIKMOQSUWY'
00008010  0F                                22  MC	DC.B	15
00008011                                    23  ***********************************************************
00008011                                    24  
00008011                                    25  
00008011                                    26  ***********AREA MAIN*********************************	
00008200                                    27  	ORG    $8200
00008200                                    28  
00008200  =00002006                         29  PIADB	EQU    $2006			;indirizzo di PIA-B dato, usato in output 
00008200  =00002007                         30  PIACB	EQU    $2007			;indirizzo di PIA-B controllo
00008200                                    31  
00008200  4EB9 0000823C                     32  MAIN	JSR    DVBOUT		;inizializza PIA porto B in output
00008206                                    33  
00008206  227C 00002007                     34  	MOVEA.L	#PIACB,A1	;indirizzo registro di controllo CRB
0000820C  247C 00002006                     35  	MOVEA.L	#PIADB,A2	;indirizzo registro PRB
00008212  207C 00008000                     36  	MOVEA.L	#MSG,A0	;indirizzo area messaggio
00008218  1039 00008010                     37  	MOVE.B	MC,D0		;dim del messaggio
0000821E                                    38  	
0000821E  4241                              39  	CLR	D1			;appoggio
00008220  4242                              40  	CLR	D2			;contatore elementi trasmessi
00008222                                    41  
00008222                                    42  
00008222  1212                              43  INVIO	MOVE.B	(A2),D1            ;lettura fittizia da PRB => serve per azzerare CRB7 dopo il primo carattere, altrimenti resta settato con l'ack
00008224  1218                              44  	MOVE.B	(A0)+,D1	;carattere corrente da trasferire in D2;
00008226  1481                              45  	MOVE.B	D1,(A2)		;dato su bus di PIA porto B: dopo la scrittura di PRB, CB2 si abbassa
00008228                                    46  *					;ciò fa abbassare CA1 sulla porta gemella dell'altro sistema generando 
00008228                                    47  *					;un'interruzione che coincide con il segnale DATA READY
00008228  5202                              48  	ADD.B		#1,D2		;incremento contatore elementi trasmessi
0000822A                                    49  
0000822A  1211                              50  ciclo2	MOVE.B	(A1),D1		;In attesa di DATA ACKNOWLEDGE
0000822C  0201 0080                         51  	ANDI.B		#$80,D1	;aspetta che CRB7 divenga 1
00008230  67F8                              52  	BEQ		ciclo2
00008232                                    53  
00008232  B042                              54  	CMP	D2,D0			;controllo se ho finito di trasmettere
00008234  66EC                              55  	BNE	INVIO
00008236                                    56  
00008236                                    57  
00008236  4EF9 00008236                     58  LOOP  	JMP	LOOP			;ciclo caldo dove il processore attende interrupt		
0000823C                                    59  ***********************************************************************************************************
0000823C                                    60  
0000823C                                    61  
0000823C                                    62  *********************************************************************************************************
0000823C                                    63  *INIZIALIZZAZIONE DELLA PIA: PORTO B	
0000823C                                    64  *	CRB |0 |0 |1 0 0 |1 |0 0|
0000823C                                    65  *
0000823C                                    66  *	DRB=1 => PORTO B PORTO DI USCITA
0000823C                                    67  *
0000823C                                    68  ***********************************************************************************************************
0000823C  11FC 0000 2007                    69  DVBOUT	MOVE.B	#0,PIACB		;seleziona il registro direzione di PIA porto B 
00008242  11FC 00FF 2006                    70  	MOVE.B	#$FF,PIADB	  		;accede a DRB e pone DRA=1 : le linee di B sono linee di output	
00008248  11FC 0024 2007                    71  	MOVE.B	#%00100100,PIACB   		;imposta il registro di controllo come indicato sopra
0000824E                                    72  *							;i bit CRB7 e CRB6 sono a sola lettura	
0000824E  4E75                              73  	RTS
00008250                                    74  
00008250                                    75  	END	MAIN

No errors detected
No warnings generated
